[2015-08-31T15:22:53+00:00] ::1 Mozilla/5.0 (Macintosh; Intel Mac OS X 10_10_5) AppleWebKit/600.8.9 (KHTML, like Gecko) Version/8.0.8 Safari/600.8.9
name: Jonathan Hess
_from: info@movingwater.ch
subject: Test
message: adfasdfasdfasdf

[2015-08-31T19:17:44+00:00] ::1 Mozilla/5.0 (Macintosh; Intel Mac OS X 10_10_5) AppleWebKit/600.8.9 (KHTML, like Gecko) Version/8.0.8 Safari/600.8.9
name: Jonathan Hess
_from: jonathan@famhess.net
subject: Hallo
message: Meine Nachricht

[2015-08-31T19:23:32+00:00] ::1 Mozilla/5.0 (Macintosh; Intel Mac OS X 10_10_5) AppleWebKit/600.8.9 (KHTML, like Gecko) Version/8.0.8 Safari/600.8.9
name: Jonathan Hess
_from: jonathan@famhess.net
subject: Test
message: Meine Nachricht

[2015-08-31T19:29:36+00:00] ::1 Mozilla/5.0 (Macintosh; Intel Mac OS X 10_10_5) AppleWebKit/600.8.9 (KHTML, like Gecko) Version/8.0.8 Safari/600.8.9
name: Jonathan Hess
_from: jonathan@famhess.net
subject: Hallo
message: Ich bins

[2015-08-31T19:39:21+00:00] ::1 Mozilla/5.0 (Macintosh; Intel Mac OS X 10_10_5) AppleWebKit/600.8.9 (KHTML, like Gecko) Version/8.0.8 Safari/600.8.9
name: Jonathan Hess
_from: info@movingwater.ch
subject: Hallo
message: Lorem ipsum dolor sit amet, consetetur sadipscing elitr, sed diam nonumy eirmod tempor invidunt ut labore et dolore magna aliquyam erat, sed diam voluptua. At vero eos et accusam et justo duo dolores et ea rebum. Stet clita kasd gubergren, no sea takimata sanctus est Lorem ipsum dolor sit amet. Lorem ipsum dolor sit amet, consetetur sadipscing elitr, sed diam nonumy eirmod tempor invidunt ut labore et dolore magna aliquyam erat, sed diam voluptua. At vero eos et accusam et justo duo dolores et ea rebum. Stet clita kasd gubergren, no sea takimata sanctus est Lorem ipsum dolor sit amet. Lorem ipsum dolor sit amet, consetetur sadipscing elitr, sed diam nonumy eirmod tempor invidunt ut labore et dolore magna aliquyam erat, sed diam voluptua. At vero eos et accusam et justo duo dolores et ea rebum. Stet clita kasd gubergren, no sea takimata sanctus est Lorem ipsum dolor sit amet.   

Duis autem vel eum iriure dolor in hendrerit in vulputate velit esse molestie consequat, vel illum dolore eu feugiat nulla facilisis at vero eros et accumsan et iusto odio dignissim qui blandit praesent luptatum zzril delenit augue duis dolore te feugait nulla facilisi. Lorem ipsum dolor sit amet, consectetuer adipiscing elit, sed diam nonummy nibh euismod tincidunt ut laoreet dolore magna aliquam erat volutpat.   

Ut wisi enim ad minim veniam, quis nostrud exerci tation ullamcorper suscipit lobortis nisl ut aliquip ex ea commodo consequat. Duis autem vel eum iriure dolor in hendrerit in vulputate velit esse

[2015-08-31T19:41:10+00:00] ::1 Mozilla/5.0 (Macintosh; Intel Mac OS X 10_10_5) AppleWebKit/600.8.9 (KHTML, like Gecko) Version/8.0.8 Safari/600.8.9
name: Jonathan Hess
_from: info@movingwater.ch
subject: Hallo
message: Lorem ipsum dolor sit amet, consetetur sadipscing elitr, sed diam nonumy eirmod tempor invidunt ut labore et dolore magna aliquyam erat, sed diam voluptua. At vero eos et accusam et justo duo dolores et ea rebum. Stet clita kasd gubergren, no sea takimata sanctus est Lorem ipsum dolor sit amet. Lorem ipsum dolor sit amet, consetetur sadipscing elitr, sed diam nonumy eirmod tempor invidunt ut labore et dolore magna aliquyam erat, sed diam voluptua. At vero eos et accusam et justo duo dolores et ea rebum. Stet clita kasd gubergren, no sea takimata sanctus est Lorem ipsum dolor sit amet. Lorem ipsum dolor sit amet, consetetur sadipscing elitr, sed diam nonumy eirmod tempor invidunt ut labore et dolore magna aliquyam erat, sed diam voluptua. At vero eos et accusam et justo duo dolores et ea rebum. Stet clita kasd gubergren, no sea takimata sanctus est Lorem ipsum dolor sit amet.   

Duis autem vel eum iriure dolor in hendrerit in vulputate velit esse molestie consequat, vel illum dolore eu feugiat nulla facilisis at vero eros et accumsan et iusto odio dignissim qui blandit praesent luptatum zzril delenit augue duis dolore te feugait nulla facilisi. Lorem ipsum dolor sit amet, consectetuer adipiscing elit, sed diam nonummy nibh euismod tincidunt ut laoreet dolore magna aliquam erat volutpat.   

Ut wisi enim ad minim veniam, quis nostrud exerci tation ullamcorper suscipit lobortis nisl ut aliquip ex ea commodo consequat. Duis autem vel eum iriure dolor in hendrerit in vulputate velit esse

[2015-08-31T19:41:20+00:00] ::1 Mozilla/5.0 (Macintosh; Intel Mac OS X 10_10_5) AppleWebKit/600.8.9 (KHTML, like Gecko) Version/8.0.8 Safari/600.8.9
name: Jonathan Hess
_from: info@movingwater.ch
subject: Hallo
message: Lorem ipsum dolor sit amet, consetetur sadipscing elitr, sed diam nonumy eirmod tempor invidunt ut labore et dolore magna aliquyam erat, sed diam voluptua. At vero eos et accusam et justo duo dolores et ea rebum. Stet clita kasd gubergren, no sea takimata sanctus est Lorem ipsum dolor sit amet. Lorem ipsum dolor sit amet, consetetur sadipscing elitr, sed diam nonumy eirmod tempor invidunt ut labore et dolore magna aliquyam erat, sed diam voluptua. At vero eos et accusam et justo duo dolores et ea rebum. Stet clita kasd gubergren, no sea takimata sanctus est Lorem ipsum dolor sit amet. Lorem ipsum dolor sit amet, consetetur sadipscing elitr, sed diam nonumy eirmod tempor invidunt ut labore et dolore magna aliquyam erat, sed diam voluptua. At vero eos et accusam et justo duo dolores et ea rebum. Stet clita kasd gubergren, no sea takimata sanctus est Lorem ipsum dolor sit amet.   

Duis autem vel eum iriure dolor in hendrerit in vulputate velit esse molestie consequat, vel illum dolore eu feugiat nulla facilisis at vero eros et accumsan et iusto odio dignissim qui blandit praesent luptatum zzril delenit augue duis dolore te feugait nulla facilisi. Lorem ipsum dolor sit amet, consectetuer adipiscing elit, sed diam nonummy nibh euismod tincidunt ut laoreet dolore magna aliquam erat volutpat.   

Ut wisi enim ad minim veniam, quis nostrud exerci tation ullamcorper suscipit lobortis nisl ut aliquip ex ea commodo consequat. Duis autem vel eum iriure dolor in hendrerit in vulputate velit esse
_receive_copy: on

[2015-08-31T19:42:21+00:00] ::1 Mozilla/5.0 (Macintosh; Intel Mac OS X 10_10_5) AppleWebKit/600.8.9 (KHTML, like Gecko) Version/8.0.8 Safari/600.8.9
name: Jonathan Hess
_from: jonathan@famhess.net
subject: Hallo
message: Lorem ipsum dolor sit amet, consetetur sadipscing elitr, sed diam nonumy eirmod tempor invidunt ut labore et dolore magna aliquyam erat, sed diam voluptua. At vero eos et accusam et justo duo dolores et ea rebum. Stet clita kasd gubergren, no sea takimata sanctus est Lorem ipsum dolor sit amet. Lorem ipsum dolor sit amet, consetetur sadipscing elitr, sed diam nonumy eirmod tempor invidunt ut labore et dolore magna aliquyam erat, sed diam voluptua. At vero eos et accusam et justo duo dolores et ea rebum. Stet clita kasd gubergren, no sea takimata sanctus est Lorem ipsum dolor sit amet. Lorem ipsum dolor sit amet, consetetur sadipscing elitr, sed diam nonumy eirmod tempor invidunt ut labore et dolore magna aliquyam erat, sed diam voluptua. At vero eos et accusam et justo duo dolores et ea rebum. Stet clita kasd gubergren, no sea takimata sanctus est Lorem ipsum dolor sit amet.   

Duis autem vel eum iriure dolor in hendrerit in vulputate velit esse molestie consequat, vel illum dolore eu feugiat nulla facilisis at vero eros et accumsan et iusto odio dignissim qui blandit praesent luptatum zzril delenit augue duis dolore te feugait nulla facilisi. Lorem ipsum dolor sit amet, consectetuer adipiscing elit, sed diam nonummy nibh euismod tincidunt ut laoreet dolore magna aliquam erat volutpat.   

Ut wisi enim ad minim veniam, quis nostrud exerci tation ullamcorper suscipit lobortis nisl ut aliquip ex ea commodo consequat. Duis autem vel eum iriure dolor in hendrerit in vulputate velit esse

[2015-08-31T19:45:28+00:00] ::1 Mozilla/5.0 (Macintosh; Intel Mac OS X 10_10_5) AppleWebKit/600.8.9 (KHTML, like Gecko) Version/8.0.8 Safari/600.8.9
name: Jonathan Hess
_from: jonathan@famhess.net
subject: Testmail
message: Lorem ipsum dolor sit amet, consetetur sadipscing elitr, sed diam nonumy eirmod tempor invidunt ut labore et dolore magna aliquyam erat, sed diam voluptua. At vero eos et accusam et justo duo dolores et ea rebum. Stet clita kasd gubergren, no sea takimata sanctus est Lorem ipsum dolor sit amet. Lorem ipsum dolor sit amet, consetetur sadipscing elitr, sed diam nonumy eirmod tempor invidunt ut labore et dolore magna aliquyam erat, sed diam voluptua. At vero eos et accusam et justo duo dolores et ea rebum. Stet clita kasd gubergren, no sea takimata sanctus est Lorem ipsum dolor sit amet. Lorem ipsum dolor sit amet, consetetur sadipscing elitr, sed diam nonumy eirmod tempor invidunt ut labore et dolore magna aliquyam erat, sed diam voluptua. At vero eos et accusam et justo duo dolores et ea rebum. Stet clita kasd gubergren, no sea takimata sanctus est Lorem ipsum dolor sit amet.   

Duis autem vel eum iriure dolor in hendrerit in vulputate velit esse molestie consequat, vel illum dolore eu feugiat nulla facilisis at vero eros et accumsan et iusto odio dignissim qui blandit praesent luptatum zzril delenit augue duis dolore te feugait nulla facilisi. Lorem ipsum dolor sit amet, consectetuer adipiscing elit, sed diam nonummy nibh euismod tincidunt ut laoreet dolore magna aliquam erat volutpat.   

Ut wisi enim ad minim veniam, quis nostrud exerci tation ullamcorper suscipit lobortis nisl ut aliquip ex ea commodo consequat. Duis autem vel eum iriure dolor in hendrerit in vulputate velit esse
_receive_copy: on

[2015-09-01T09:20:55+00:00] ::1 Mozilla/5.0 (Macintosh; Intel Mac OS X 10_10_5) AppleWebKit/600.8.9 (KHTML, like Gecko) Version/8.0.8 Safari/600.8.9
name: Jonathan Hess
_from: jonathan@famhess.net
subject: Hallo
message: Lorem ipsum dolor sit amet, consetetur sadipscing elitr, sed diam nonumy eirmod tempor invidunt ut labore et dolore magna aliquyam erat, sed diam voluptua. At vero eos et accusam et justo duo dolores et ea rebum. Stet clita kasd gubergren, no sea takimata sanctus est Lorem ipsum dolor sit amet. Lorem ipsum dolor sit amet, consetetur sadipscing elitr, sed diam nonumy eirmod tempor invidunt ut labore et dolore magna aliquyam erat, sed diam voluptua. At vero eos et accusam et justo duo dolores et ea rebum. Stet clita kasd gubergren, no sea takimata sanctus est Lorem ipsum dolor sit amet. Lorem ipsum dolor sit amet, consetetur sadipscing elitr, sed diam nonumy eirmod tempor invidunt ut labore et dolore magna aliquyam erat, sed diam voluptua. At vero eos et accusam et justo duo dolores et ea rebum. Stet clita kasd gubergren, no sea takimata sanctus est Lorem ipsum dolor sit amet.   

Duis autem vel eum iriure dolor in hendrerit in vulputate velit esse molestie consequat, vel illum dolore eu feugiat nulla facilisis at vero eros et accumsan et iusto odio dignissim qui blandit praesent luptatum zzril delenit augue duis dolore te feugait nulla facilisi. Lorem ipsum dolor sit amet, consectetuer adipiscing elit, sed diam nonummy nibh euismod tincidunt ut laoreet dolore magna aliquam erat volutpat.   

Ut wisi enim ad minim veniam, quis nostrud exerci tation ullamcorper suscipit lobortis nisl ut aliquip ex ea commodo consequat. Duis autem vel eum iriure dolor in hendrerit in vulputate velit esse

[2015-09-01T09:55:20+00:00] ::1 Mozilla/5.0 (Macintosh; Intel Mac OS X 10_10_5) AppleWebKit/600.8.9 (KHTML, like Gecko) Version/8.0.8 Safari/600.8.9
name: Jonathan Hess
_from: jonathan@famhess.net
telephone: +41797552661
message: Hallo
_receive_copy: on

[2015-09-01T09:59:18+00:00] ::1 Mozilla/5.0 (Macintosh; Intel Mac OS X 10_10_5) AppleWebKit/600.8.9 (KHTML, like Gecko) Version/8.0.8 Safari/600.8.9
name: Jonathan Hess
_from: jonathan@famhess.net
telephone: 
message: Lorem ipsum dolor sit amet, consetetur sadipscing elitr, sed diam nonumy eirmod tempor invidunt ut labore et dolore magna aliquyam erat, sed diam voluptua. At vero eos et accusam et justo duo dolores et ea rebum. Stet clita kasd gubergren, no sea takimata sanctus est Lorem ipsum dolor sit amet. Lorem ipsum dolor sit amet, consetetur sadipscing elitr, sed diam nonumy eirmod tempor invidunt ut labore et dolore magna aliquyam erat, sed diam voluptua. At vero eos et accusam et justo duo dolores et ea rebum. Stet clita kasd gubergren, no sea takimata sanctus est Lorem ipsum dolor sit amet. Lorem ipsum dolor sit amet, consetetur sadipscing elitr, sed diam nonumy eirmod tempor invidunt ut labore et dolore magna aliquyam erat, sed diam voluptua. At vero eos et accusam et justo duo dolores et ea rebum. Stet clita kasd gubergren, no sea takimata sanctus est Lorem ipsum dolor sit amet.   

Duis autem vel eum iriure dolor in hendrerit in vulputate velit esse molestie consequat, vel illum dolore eu feugiat nulla facilisis at vero eros et accumsan et iusto odio dignissim qui blandit praesent luptatum zzril delenit augue duis dolore te feugait nulla facilisi. Lorem ipsum dolor sit amet, consectetuer adipiscing elit, sed diam nonummy nibh euismod tincidunt ut laoreet dolore magna aliquam erat volutpat.   

Ut wisi enim ad minim veniam, quis nostrud exerci tation ullamcorper suscipit lobortis nisl ut aliquip ex ea commodo consequat. Duis autem vel eum iriure dolor in hendrerit in vulputate velit esse

[2015-09-01T10:04:49+00:00] ::1 Mozilla/5.0 (Macintosh; Intel Mac OS X 10_10_5) AppleWebKit/600.8.9 (KHTML, like Gecko) Version/8.0.8 Safari/600.8.9
name: Jonathan Hess
_from: jonathan@famhess.net
telephone: 
message: adsfgsdfgsdfgsdf

[2015-09-01T20:40:42+00:00] ::1 Mozilla/5.0 (Macintosh; Intel Mac OS X 10_10_5) AppleWebKit/600.8.9 (KHTML, like Gecko) Version/8.0.8 Safari/600.8.9
name: Jonathan Hess
_from: jonathan@famhess.net
telephone: 
message: Test 2

[2015-09-01T20:52:12+00:00] ::1 Mozilla/5.0 (Macintosh; Intel Mac OS X 10_10_5) AppleWebKit/600.8.9 (KHTML, like Gecko) Version/8.0.8 Safari/600.8.9
name: Jonathan Hess
_from: jonathan@famhess.net
telephone: 
message: Test 3

[2015-09-01T20:54:52+00:00] ::1 Mozilla/5.0 (Macintosh; Intel Mac OS X 10_10_5) AppleWebKit/600.8.9 (KHTML, like Gecko) Version/8.0.8 Safari/600.8.9
name: Jonathan Hess
_from: jonathan@famhess.net
telephone: 
message: Test 4

[2015-09-03T07:10:09+00:00] ::1 Mozilla/5.0 (Macintosh; Intel Mac OS X 10_10_5) AppleWebKit/600.8.9 (KHTML, like Gecko) Version/8.0.8 Safari/600.8.9
name: Jonathan Hess
_from: info@movingwater.ch
telephone: +41 79 755 26 61
message: Test 5

[2015-09-03T07:12:59+00:00] ::1 Mozilla/5.0 (Macintosh; Intel Mac OS X 10_10_5) AppleWebKit/600.8.9 (KHTML, like Gecko) Version/8.0.8 Safari/600.8.9
name: Jonathan Hess
_from: info@movingwater.ch
telephone: +41 79 755 26 61
message: Test 7

[2015-09-03T07:17:59+00:00] ::1 Mozilla/5.0 (Macintosh; Intel Mac OS X 10_10_5) AppleWebKit/600.8.9 (KHTML, like Gecko) Version/8.0.8 Safari/600.8.9
name: Jonathan Hess
_from: info@movingwater.ch
message: Test 8

[2015-09-03T07:23:15+00:00] ::1 Mozilla/5.0 (Macintosh; Intel Mac OS X 10_10_5) AppleWebKit/600.8.9 (KHTML, like Gecko) Version/8.0.8 Safari/600.8.9
name: Jonathan Hess
_from: info@movingwater.ch
message: Test 9

[2015-09-03T07:25:49+00:00] ::1 Mozilla/5.0 (Macintosh; Intel Mac OS X 10_10_5) AppleWebKit/537.36 (KHTML, like Gecko) Chrome/45.0.2454.85 Safari/537.36
name: Jonathan Hess
_from: jonathan@famhess.net
message: Test 10

[2015-09-03T07:43:27+00:00] ::1 Mozilla/5.0 (Macintosh; Intel Mac OS X 10_10_5) AppleWebKit/537.36 (KHTML, like Gecko) Chrome/45.0.2454.85 Safari/537.36
name: Jonathan Hess
_from: jonathan@famhess.net
telephone: +41797552661
message: Test 11
_receive_copy: on

[2015-09-03T08:15:03+00:00] 127.0.0.1 Mozilla/5.0 (Macintosh; Intel Mac OS X 10_10_5) AppleWebKit/600.8.9 (KHTML, like Gecko) Version/8.0.8 Safari/600.8.9
name: Jonathan Hess
_from: info@movingwater.ch
telephone: +41 79 755 26 61
message: Gooooooodie...

[2015-09-06T16:33:28+00:00] ::1 Mozilla/5.0 (Macintosh; Intel Mac OS X 10_10_5) AppleWebKit/537.36 (KHTML, like Gecko) Chrome/45.0.2454.85 Safari/537.36
name: Jonathan Hess
_from: jonathan@famhess.net
telephone: +41797552661
message: Test 1 45.-

[2015-09-07T09:06:30+00:00] ::1 Mozilla/5.0 (Macintosh; Intel Mac OS X 10_10_5) AppleWebKit/537.36 (KHTML, like Gecko) Chrome/45.0.2454.85 Safari/537.36
name: Jonathan Hess
_from: jonathan@famhess.net
telephone: +41797552661
message: Test 45

[2015-09-10T13:11:21+00:00] ::1 Mozilla/5.0 (Macintosh; Intel Mac OS X 10.10; rv:40.0) Gecko/20100101 Firefox/40.0
name: Jonathan Hess
_from: jonathan@famhess.net
telephone: 
message: Test
_id: donation-form-0

[2015-09-10T13:17:10+00:00] ::1 Mozilla/5.0 (Macintosh; Intel Mac OS X 10.10; rv:40.0) Gecko/20100101 Firefox/40.0
name: Jonathan Hess
_from: jonathan@famhess.net
telephone: 
message: Test 2
_id: donation-form-0

[2015-09-10T13:23:30+00:00] ::1 Mozilla/5.0 (Macintosh; Intel Mac OS X 10.10; rv:40.0) Gecko/20100101 Firefox/40.0
name: Jonathan Hess
_from: jonathan@famhess.net
telephone: 
message: Test 2
_id: donation-form-0

[2015-09-11T09:11:38+00:00] ::1 Mozilla/5.0 (Macintosh; Intel Mac OS X 10.10; rv:40.0) Gecko/20100101 Firefox/40.0
name: Jonathan Hess
_from: jonathan@famhess.net
telephone: 
message: Tset
_id: donation-form-0

[2015-09-11T09:15:09+00:00] ::1 Mozilla/5.0 (Macintosh; Intel Mac OS X 10.10; rv:40.0) Gecko/20100101 Firefox/40.0
name: Jonathan Hess
_from: jonathan@famhess.net
telephone: 
message: Test
_id: donation-form-0

[2015-09-11T09:55:18+00:00] ::1 Mozilla/5.0 (Macintosh; Intel Mac OS X 10_10_5) AppleWebKit/537.36 (KHTML, like Gecko) Chrome/45.0.2454.85 Safari/537.36
name: Jonathan Hess
_from: jonathan@famhess.net
telephone: +41797552661
message: Test1
_id: donation-form-0

[2015-09-11T09:57:20+00:00] ::1 Mozilla/5.0 (Macintosh; Intel Mac OS X 10.10; rv:40.0) Gecko/20100101 Firefox/40.0
name: background
_from: jonathan@famhess.net
telephone: 
message: Test
_id: donation-form-0

[2015-09-11T09:58:07+00:00] ::1 Mozilla/5.0 (Macintosh; Intel Mac OS X 10.10; rv:40.0) Gecko/20100101 Firefox/40.0
name: Jonathan Hess
_from: jonathan@famhess.net
telephone: 
message: Test2
_id: donation-form-2

[2015-09-11T10:10:00+00:00] ::1 Mozilla/5.0 (Macintosh; Intel Mac OS X 10.10; rv:40.0) Gecko/20100101 Firefox/40.0
name: Jonathan Hess
_from: jonathan@famhess.net
telephone: 
message: Test
_id: donation-form-0

[2015-09-11T10:11:05+00:00] ::1 Mozilla/5.0 (Macintosh; Intel Mac OS X 10.10; rv:40.0) Gecko/20100101 Firefox/40.0
name: Jonathan Hess
_from: jonathan@famhess.net
telephone: 
message: steta
_id: donation-form-1

[2015-09-11T11:41:33+00:00] ::1 Mozilla/5.0 (Macintosh; Intel Mac OS X 10_10_5) AppleWebKit/537.36 (KHTML, like Gecko) Chrome/45.0.2454.85 Safari/537.36
name: Jonathan Hess
_from: jonathan@famhess.net
telephone: +41797552661
message: Test
_id: donation-form-1

[2015-09-11T13:09:20+00:00] ::1 Mozilla/5.0 (Macintosh; Intel Mac OS X 10_10_5) AppleWebKit/537.36 (KHTML, like Gecko) Chrome/45.0.2454.85 Safari/537.36
name: Jonathan Hess
_from: jonathan@famhess.net
telephone: +41797552661
message: Test
_id: donation-form-0

[2015-09-11T13:09:49+00:00] ::1 Mozilla/5.0 (Macintosh; Intel Mac OS X 10_10_5) AppleWebKit/537.36 (KHTML, like Gecko) Chrome/45.0.2454.85 Safari/537.36
name: Jonathan Hess
_from: jonathan@famhess.net
telephone: +41797552661
message: Test
_id: donation-form-1

[2015-09-11T13:21:27+00:00] ::1 Mozilla/5.0 (Macintosh; Intel Mac OS X 10_10_5) AppleWebKit/537.36 (KHTML, like Gecko) Chrome/45.0.2454.85 Safari/537.36
name: Jonathan Hess
_from: jonathan@famhess.net
telephone: +41797552661
message: Test 1
_id: donation-form-0

[2015-09-11T13:30:37+00:00] ::1 Mozilla/5.0 (Macintosh; Intel Mac OS X 10_10_5) AppleWebKit/537.36 (KHTML, like Gecko) Chrome/45.0.2454.85 Safari/537.36
name: Jonathan Hess
_from: jonathan@famhess.net
telephone: +41797552661
message: Test 2
_id: donation-form-0

[2015-09-11T14:34:51+00:00] ::1 Mozilla/5.0 (Macintosh; Intel Mac OS X 10_10_5) AppleWebKit/537.36 (KHTML, like Gecko) Chrome/45.0.2454.85 Safari/537.36
name: Jonathan Hess
_from: jonathan@famhess.net
telephone: +41797552661
message: Test 258758415452185525
_receive_copy: on
_id: donation-form-0

[2015-09-11T14:38:51+00:00] ::1 Mozilla/5.0 (Macintosh; Intel Mac OS X 10_10_5) AppleWebKit/537.36 (KHTML, like Gecko) Chrome/45.0.2454.85 Safari/537.36
name: Jonathan Hess
_from: jonathan@famhess.net
telephone: +41797552661
message: Test
_receive_copy: 1
_id: donation-form-0

[2015-09-11T15:14:44+00:00] ::1 Mozilla/5.0 (Macintosh; Intel Mac OS X 10_10_5) AppleWebKit/537.36 (KHTML, like Gecko) Chrome/45.0.2454.85 Safari/537.36
name: Jonathan Hess
street: Hubelmattstrasse 50
zip: 3007
place: Bern
_from: jonathan@famhess.net
telephone: +41797552661
_receive_copy: 1
_id: donation-form-1

[2015-09-11T15:16:29+00:00] ::1 Mozilla/5.0 (Macintosh; Intel Mac OS X 10_10_5) AppleWebKit/537.36 (KHTML, like Gecko) Chrome/45.0.2454.85 Safari/537.36
name: Jonathan Hess
street: Hubelmattstrasse 50
zip: 3007
place: Bern
_from: jonathan@famhess.net
telephone: +41797552661
amount: CHF 45.-
_receive_copy: 1
_id: donation-form-0

[2015-09-11T15:52:31+00:00] ::1 Mozilla/5.0 (Macintosh; Intel Mac OS X 10_10_5) AppleWebKit/537.36 (KHTML, like Gecko) Chrome/45.0.2454.85 Safari/537.36
name: Jonathan Hess
street: Hubelmattstrasse 50
zip: 3007
place: Bern
_from: jonathan@famhess.net
telephone: +41797552661
Betrag: CHF 145.-
_receive_copy: 1
_id: donation-form-2

[2015-09-11T15:54:51+00:00] ::1 Mozilla/5.0 (Macintosh; Intel Mac OS X 10_10_5) AppleWebKit/537.36 (KHTML, like Gecko) Chrome/45.0.2454.85 Safari/537.36
name: Jonathan Hess
street: Hubelmattstrasse 50
zip: 3007
place: Bern
_from: jonathan@famhess.net
telephone: +41797552661
Betrag: CHF 145.-
_receive_copy: 1
_id: donation-form-2

[2015-09-11T15:56:18+00:00] ::1 Mozilla/5.0 (Macintosh; Intel Mac OS X 10_10_5) AppleWebKit/537.36 (KHTML, like Gecko) Chrome/45.0.2454.85 Safari/537.36
name: Jonathan Hess
street: Hubelmattstrasse 50
zip: 3007
place: Bern
_from: jonathan@famhess.net
telephone: +41797552661
Betrag: CHF 5000.-
_receive_copy: 1
_id: donation-form-3

[2015-09-11T19:27:15+00:00] ::1 Mozilla/5.0 (Macintosh; Intel Mac OS X 10.10; rv:40.0) Gecko/20100101 Firefox/40.0
name: Jonathan Hess
street: Eichholzstrasse 99
zip: 3084
place: Wabern
_from: jonathan@famhess.net
telephone: 
Betrag: CHF 45.-
_receive_copy: 1
_id: donation-form-1

[2015-09-11T19:27:42+00:00] ::1 Mozilla/5.0 (Macintosh; Intel Mac OS X 10.10; rv:40.0) Gecko/20100101 Firefox/40.0
name: Jonathan Hess
street: Eichholzstrasse 99
zip: 3084
place: Wabern
_from: jonathan@famhess.net
telephone: 
Betrag: CHF 45.-
_receive_copy: 1
_id: donation-form-1

[2015-09-14T07:18:22+00:00] ::1 Mozilla/5.0 (Macintosh; Intel Mac OS X 10_10_5) AppleWebKit/537.36 (KHTML, like Gecko) Chrome/45.0.2454.85 Safari/537.36
name: Jonathan Hess
street: Hubelmattstrasse 50
zip: 3007
place: Bern
_from: jonathan@famhess.net
telephone: +41797552661
Betrag: CHF __.-
_receive_copy: 1
_id: donation-form-0

[2015-09-14T15:35:03+00:00] ::1 Mozilla/5.0 (Macintosh; Intel Mac OS X 10.10; rv:40.0) Gecko/20100101 Firefox/40.0
name: Jonathan Hess
street: Eichholzstrasse 99
zip: 3084
place: Wabern
_from: jonathan@famhess.net
telephone: 
Betrag: CHF Freier Betrag.-
_receive_copy: 1
_id: donation-form-0

[2015-09-14T15:40:12+00:00] ::1 Mozilla/5.0 (Macintosh; Intel Mac OS X 10_10_5) AppleWebKit/537.36 (KHTML, like Gecko) Chrome/45.0.2454.85 Safari/537.36
name: Jonathan Hess
street: Hubelmattstrasse 50
zip: 3007
place: Bern
_from: jonathan@famhess.net
telephone: +41797552661
Betrag: CHF Freier Betrag.-
_receive_copy: 1
_id: donation-form-0

[2015-09-15T05:58:32+00:00] ::1 Mozilla/5.0 (Macintosh; Intel Mac OS X 10_10_5) AppleWebKit/537.36 (KHTML, like Gecko) Chrome/45.0.2454.85 Safari/537.36
name: Jonathan Hess
street: Hubelmattstrasse 50
zip: 3007
place: Bern
_from: jonathan@famhess.net
telephone: +41797552661
Betrag: CHF 75.-
_receive_copy: 1
_id: donation-form-2

[2015-09-15T05:59:16+00:00] ::1 Mozilla/5.0 (Macintosh; Intel Mac OS X 10_10_5) AppleWebKit/537.36 (KHTML, like Gecko) Chrome/45.0.2454.85 Safari/537.36
name: Jonathan Hess
street: Hubelmattstrasse 50
zip: 3007
place: Bern
_from: jonathan@famhess.net
telephone: +41797552661
Betrag: CHF 145.-
_receive_copy: 1
_id: donation-form-3

[2015-09-15T14:36:03+00:00] ::1 Mozilla/5.0 (Macintosh; Intel Mac OS X 10_10_5) AppleWebKit/537.36 (KHTML, like Gecko) Chrome/45.0.2454.85 Safari/537.36
name: Jonathan Hess
street: Hubelmattstrasse 50
zip: 3007
place: Bern
_from: jonathan@famhess.net
telephone: +41797552661
Betrag: CHF Freier Betrag.-
_receive_copy: 1
_id: donation-form-0

[2015-09-15T15:33:32+00:00] ::1 Mozilla/5.0 (Macintosh; Intel Mac OS X 10_10_5) AppleWebKit/537.36 (KHTML, like Gecko) Chrome/45.0.2454.85 Safari/537.36
name: Jonathan Hess
street: Hubelmattstrasse 50
zip: 3007
place: Bern
_from: jonathan@famhess.net
telephone: +41797552661
Betrag: CHF 45.-
_receive_copy: 1
_id: donation-form-1

[2015-09-15T20:31:45+00:00] ::1 Mozilla/5.0 (Macintosh; Intel Mac OS X 10_10_5) AppleWebKit/537.36 (KHTML, like Gecko) Chrome/45.0.2454.85 Safari/537.36
name: Jonathan Hess
street: Hubelmattstrasse 50
zip: 3007
place: Bern
_from: jonathan@famhess.net
telephone: +41797552661
Betrag: CHF 45.-
_receive_copy: 1
_id: donation-form-1

[2015-09-15T20:43:47+00:00] ::1 Mozilla/5.0 (Macintosh; Intel Mac OS X 10_10_5) AppleWebKit/537.36 (KHTML, like Gecko) Chrome/45.0.2454.85 Safari/537.36
name: Jonathan Hess
street: Hubelmattstrasse 50
zip: 3007
place: Bern
_from: jonathan@famhess.net
telephone: +41797552661
Betrag: CHF 45.-
_receive_copy: 1
_id: donation-form-1

[2015-09-15T20:49:57+00:00] ::1 Mozilla/5.0 (Macintosh; Intel Mac OS X 10_10_5) AppleWebKit/537.36 (KHTML, like Gecko) Chrome/45.0.2454.85 Safari/537.36
name: Jonathan Hess
street: Hubelmattstrasse 50
zip: 3007
place: Bern
_from: jonathan@famhess.net
telephone: +41797552661
Betrag: Freier Betrag
_receive_copy: 1
_id: donation-form-0

[2015-09-15T21:04:14+00:00] ::1 Mozilla/5.0 (Macintosh; Intel Mac OS X 10_10_5) AppleWebKit/537.36 (KHTML, like Gecko) Chrome/45.0.2454.85 Safari/537.36
name: Jonathan Hess
street: Hubelmattstrasse 50
zip: 3007
place: Bern
_from: jonathan@famhess.net
telephone: +41797552661
Betrag: Freier Betrag
_receive_copy: 1
_id: donation-form-0

[2015-09-15T21:11:59+00:00] ::1 Mozilla/5.0 (Macintosh; Intel Mac OS X 10_10_5) AppleWebKit/537.36 (KHTML, like Gecko) Chrome/45.0.2454.85 Safari/537.36
name: Jonathan Hess
street: Hubelmattstrasse 50
zip: 3007
place: Bern
_from: jonathan@famhess.net
telephone: +41797552661
Betrag: CHF 45.-
_receive_copy: 1
_id: donation-form-1

[2015-09-15T21:32:17+00:00] ::1 Mozilla/5.0 (Macintosh; Intel Mac OS X 10_10_5) AppleWebKit/537.36 (KHTML, like Gecko) Chrome/45.0.2454.85 Safari/537.36
name: Jonathan Hess
street: Hubelmattstrasse 50
zip: 3007
place: Bern
_from: jonathan@famhess.net
telephone: +41797552661
Betrag: CHF 45.-
_receive_copy: 1
_id: donation-form-1

[2015-09-15T21:35:43+00:00] ::1 Mozilla/5.0 (Macintosh; Intel Mac OS X 10_10_5) AppleWebKit/537.36 (KHTML, like Gecko) Chrome/45.0.2454.85 Safari/537.36
name: Jonathan Hess
street: Hubelmattstrasse 50
zip: 3007
place: Bern
_from: jonathan@famhess.net
telephone: +41797552661
Betrag: Freier Betrag
_receive_copy: 1
_id: donation-form-0

[2015-09-15T21:38:46+00:00] ::1 Mozilla/5.0 (Macintosh; Intel Mac OS X 10_10_5) AppleWebKit/537.36 (KHTML, like Gecko) Chrome/45.0.2454.85 Safari/537.36
name: Jonathan Hess
street: Hubelmattstrasse 50
zip: 3007
place: Bern
_from: jonathan@famhess.net
telephone: +41797552661
Betrag: Freier Betrag
_receive_copy: 1
_id: donation-form-0

[2015-09-15T21:42:28+00:00] ::1 Mozilla/5.0 (Macintosh; Intel Mac OS X 10_10_5) AppleWebKit/537.36 (KHTML, like Gecko) Chrome/45.0.2454.85 Safari/537.36
name: Jonathan Hess
street: Hubelmattstrasse 50
zip: 3007
place: Bern
_from: jonathan@famhess.net
telephone: +41797552661
Betrag: Freier Betrag
_receive_copy: 1
_id: donation-form-0

[2015-09-15T21:43:31+00:00] ::1 Mozilla/5.0 (Macintosh; Intel Mac OS X 10_10_5) AppleWebKit/537.36 (KHTML, like Gecko) Chrome/45.0.2454.85 Safari/537.36
name: Jonathan Hess
street: Hubelmattstrasse 50
zip: 3007
place: Bern
_from: jonathan@famhess.net
telephone: +41797552661
Betrag: 75
_receive_copy: 1
_id: donation-form-2

[2015-09-15T22:10:27+00:00] ::1 Mozilla/5.0 (Macintosh; Intel Mac OS X 10_10_5) AppleWebKit/537.36 (KHTML, like Gecko) Chrome/45.0.2454.85 Safari/537.36
name: Jonathan Hess
street: Hubelmattstrasse 50
zip: 3007
place: Bern
_from: jonathan@famhess.net
telephone: +41797552661
Betrag: Freier Betrag
_receive_copy: 1
_id: donation-form-0

[2015-09-15T22:14:17+00:00] ::1 Mozilla/5.0 (Macintosh; Intel Mac OS X 10_10_5) AppleWebKit/537.36 (KHTML, like Gecko) Chrome/45.0.2454.85 Safari/537.36
name: Jonathan Hess
street: Hubelmattstrasse 50
zip: 3007
place: Bern
_from: jonathan@famhess.net
telephone: +41797552661
betrag: 75
_receive_copy: 1
_id: donation-form-2

[2015-09-16T18:54:36+00:00] ::1 Mozilla/5.0 (Macintosh; Intel Mac OS X 10_10_5) AppleWebKit/537.36 (KHTML, like Gecko) Chrome/45.0.2454.93 Safari/537.36
name: Jonathan Hess
street: Hubelmattstrasse 50
zip: 3007
place: Bern
_from: jonathan@famhess.net
telephone: +41797552661
betrag: CHF 250.–
_receive_copy: 1
_id: donation-form-2

[2015-09-16T18:56:04+00:00] ::1 Mozilla/5.0 (Macintosh; Intel Mac OS X 10_10_5) AppleWebKit/537.36 (KHTML, like Gecko) Chrome/45.0.2454.93 Safari/537.36
name: Jonathan Hess
street: Hubelmattstrasse 50
zip: 3007
place: Bern
_from: jonathan@famhess.net
telephone: +41797552661
betrag: CHF 3500.–
_receive_copy: 1
_id: donation-form-5

[2015-09-16T19:12:07+00:00] ::1 Mozilla/5.0 (Macintosh; Intel Mac OS X 10_10_5) AppleWebKit/537.36 (KHTML, like Gecko) Chrome/45.0.2454.93 Safari/537.36
name: Jonathan Hess
street: Hubelmattstrasse 50
zip: 3007
place: Bern
_from: jonathan@famhess.net
telephone: +41797552661
betrag: CHF 250.–
infotext: You are able to get different rewards or provide a support without any return.
_receive_copy: 1
_id: donation-form-2

[2015-09-16T19:14:05+00:00] ::1 Mozilla/5.0 (Macintosh; Intel Mac OS X 10_10_5) AppleWebKit/537.36 (KHTML, like Gecko) Chrome/45.0.2454.93 Safari/537.36
name: Jonathan Hess
street: Hubelmattstrasse 50
zip: 3007
place: Bern
_from: jonathan@famhess.net
telephone: +41797552661
betrag: CHF 3500.–
infotext: Du wirst zu einem halbtägigen Treffen mit den Machern des Films für 2 Personen in der Schweiz eingeladen. Erhalte Einblick in die Geschichte von «Christ in You» sowie 4 Eintrittskarten für eine der Filmpremieren (Schweiz) und 4 DVDs. Zusätzlich wirst du als Sponsor im Abspann des Films aufgeführt.
_receive_copy: 1
_id: donation-form-5

[2015-09-18T14:38:20+00:00] ::1 Mozilla/5.0 (Macintosh; Intel Mac OS X 10_10_5) AppleWebKit/600.8.9 (KHTML, like Gecko) Version/8.0.8 Safari/600.8.9
name: Jonathan Hess
street: Eichholzstrasse 99
zip: 3084
place: Wabern
_from: jonathan@famhess.net
telephone: +41 79 755 26 61
betrag: CHF 250.–
infotext: Halbtägiges Treffen in der Schweiz mit den Machern von «Christ in You». Erhalte Einblick in die Geschichte des Films. (Gültig für eine Person.)
_receive_copy: 1
_id: donation-form-2

[2015-09-27T09:41:32+00:00] ::1 Mozilla/5.0 (Macintosh; Intel Mac OS X 10_10_5) AppleWebKit/600.8.9 (KHTML, like Gecko) Version/8.0.8 Safari/600.8.9
name: Jonathan Hess
street: Eichholzstrasse 99
zip: 3084
place: Wabern
_from: jonathan@famhess.net
telephone: 
betrag: CHF 120.–
infotext: Zwei Eintrittskarten zur Filmpremiere (Schweiz) sowie eine DVD vor Veröffentlichung
_receive_copy: 1
_id: donation-form-1

[2015-09-27T19:18:41+00:00] ::1 Mozilla/5.0 (Macintosh; Intel Mac OS X 10_10_5) AppleWebKit/600.8.9 (KHTML, like Gecko) Version/8.0.8 Safari/600.8.9
name: Jonathan Hess
street: Eichholzstrasse 99
zip: 3084
place: Wabern
_from: jonathan@famhess.net
telephone: 
betrag: CHF 120.–
infotext: Zwei Eintrittskarten zur Filmpremiere (Schweiz) sowie eine DVD vor Veröffentlichung
_receive_copy: 1
_id: donation-form-1

[2015-09-27T20:16:12+00:00] ::1 Mozilla/5.0 (Macintosh; Intel Mac OS X 10_10_5) AppleWebKit/537.36 (KHTML, like Gecko) Chrome/45.0.2454.101 Safari/537.36
name: Jonathan Hess
street: Hubelmattstrasse 50
zip: 3007
place: Bern
_from: jonathan@famhess.net
telephone: +41797552661
betrag: CHF 45.–
infotext: Eine DVD vor Veröffentlichung
_receive_copy: 1
_id: donation-form-0

[2015-09-27T21:06:57+00:00] ::1 Mozilla/5.0 (Macintosh; Intel Mac OS X 10_10_5) AppleWebKit/537.36 (KHTML, like Gecko) Chrome/45.0.2454.101 Safari/537.36
name: Jonathan Hess
street: Hubelmattstrasse 50
zip: 3007
place: Bern
_from: jonathan@famhess.net
telephone: +41797552661
betrag: CHF 45.–
infotext: Eine DVD vor Veröffentlichung
_receive_copy: 1
_id: donation-form-0

[2015-09-27T21:08:39+00:00] ::1 Mozilla/5.0 (Macintosh; Intel Mac OS X 10_10_5) AppleWebKit/537.36 (KHTML, like Gecko) Chrome/45.0.2454.101 Safari/537.36
name: Jonathan Hess
street: Hubelmattstrasse 50
zip: 3007
place: Bern
_from: jonathan@famhess.net
telephone: +41797552661
betrag: CHF 120.–
infotext: Zwei Eintrittskarten zur Filmpremiere (Schweiz) sowie eine DVD vor Veröffentlichung
_receive_copy: 1
_id: donation-form-1

[2015-09-27T21:10:46+00:00] ::1 Mozilla/5.0 (Macintosh; Intel Mac OS X 10_10_5) AppleWebKit/537.36 (KHTML, like Gecko) Chrome/45.0.2454.101 Safari/537.36
name: Jonathan Hess
street: Hubelmattstrasse 50
zip: 3007
place: Bern
_from: jonathan@famhess.net
telephone: +41797552661
betrag: CHF 250.–
infotext: Halbtägiges Treffen in der Schweiz mit den Machern von «Christ in You». Erhalte Einblick in die Geschichte des Films. (Gültig für eine Person.)
_receive_copy: 1
_id: donation-form-2

[2015-09-27T21:17:17+00:00] ::1 Mozilla/5.0 (Macintosh; Intel Mac OS X 10_10_5) AppleWebKit/537.36 (KHTML, like Gecko) Chrome/45.0.2454.101 Safari/537.36
name: Jonathan Hess
street: Hubelmattstrasse 50
zip: 3007
place: Bern
_from: jonathan@famhess.net
telephone: +41797552661
betrag: CHF 120.–
infotext: Zwei Eintrittskarten zur Filmpremiere (Schweiz) sowie eine DVD vor Veröffentlichung
_receive_copy: 1
_id: donation-form-1

[2015-09-27T21:21:01+00:00] ::1 Mozilla/5.0 (Macintosh; Intel Mac OS X 10_10_5) AppleWebKit/537.36 (KHTML, like Gecko) Chrome/45.0.2454.101 Safari/537.36
name: Jonathan Hess
street: Hubelmattstrasse 50
zip: 3007
place: Bern
_from: jonathan@famhess.net
telephone: +41797552661
betrag: CHF 120.–
infotext: Zwei Eintrittskarten zur Filmpremiere (Schweiz) sowie eine DVD vor Veröffentlichung
_receive_copy: 1
_id: donation-form-1

[2015-09-27T21:22:26+00:00] ::1 Mozilla/5.0 (Macintosh; Intel Mac OS X 10_10_5) AppleWebKit/537.36 (KHTML, like Gecko) Chrome/45.0.2454.101 Safari/537.36
name: Jonathan Hess
street: Hubelmattstrasse 50
zip: 3007
place: Bern
_from: jonathan@famhess.net
telephone: +41797552661
betrag: CHF 250.–
infotext: Halbtägiges Treffen in der Schweiz mit den Machern von «Christ in You». Erhalte Einblick in die Geschichte des Films. (Gültig für eine Person.)
_receive_copy: 1
_id: donation-form-2

[2015-09-27T21:28:26+00:00] ::1 Mozilla/5.0 (Macintosh; Intel Mac OS X 10_10_5) AppleWebKit/537.36 (KHTML, like Gecko) Chrome/45.0.2454.101 Safari/537.36
name: Jonathan Hess
street: Hubelmattstrasse 50
zip: 3007
place: Bern
_from: jonathan@famhess.net
telephone: +41797552661
betrag: CHF 45.–
infotext: Eine DVD vor Veröffentlichung
_receive_copy: 1
_id: donation-form-0

[2015-09-27T21:31:03+00:00] ::1 Mozilla/5.0 (Macintosh; Intel Mac OS X 10_10_5) AppleWebKit/537.36 (KHTML, like Gecko) Chrome/45.0.2454.101 Safari/537.36
name: Jonathan Hess
street: Hubelmattstrasse 50
zip: 3007
place: Bern
_from: jonathan@famhess.net
telephone: +41797552661
betrag: CHF 250.–
infotext: Halbtägiges Treffen in der Schweiz mit den Machern von «Christ in You». Erhalte Einblick in die Geschichte des Films. (Gültig für eine Person.)
_receive_copy: 1
_id: donation-form-2

[2015-09-27T21:32:11+00:00] ::1 Mozilla/5.0 (Macintosh; Intel Mac OS X 10_10_5) AppleWebKit/537.36 (KHTML, like Gecko) Chrome/45.0.2454.101 Safari/537.36
name: Jonathan Hess
street: Hubelmattstrasse 50
zip: 3007
place: Bern
_from: jonathan@famhess.net
telephone: +41797552661
betrag: CHF 120.–
infotext: Zwei Eintrittskarten zur Filmpremiere (Schweiz) sowie eine DVD vor Veröffentlichung
_receive_copy: 1
_id: donation-form-1

[2015-09-27T21:48:33+00:00] ::1 Mozilla/5.0 (Macintosh; Intel Mac OS X 10_10_5) AppleWebKit/537.36 (KHTML, like Gecko) Chrome/45.0.2454.101 Safari/537.36
name: Jonathan Hess
street: Hubelmattstrasse 50
zip: 3007
place: Bern
_from: jonathan@famhess.net
telephone: +41797552661
betrag: CHF 250.–
infotext: Halbtägiges Treffen in der Schweiz mit den Machern von «Christ in You». Erhalte Einblick in die Geschichte des Films. (Gültig für eine Person.)
_receive_copy: 1
_id: donation-form-2

[2015-09-27T21:51:00+00:00] ::1 Mozilla/5.0 (Macintosh; Intel Mac OS X 10_10_5) AppleWebKit/537.36 (KHTML, like Gecko) Chrome/45.0.2454.101 Safari/537.36
name: Jonathan Hess
street: Hubelmattstrasse 50
zip: 3007
place: Bern
_from: jonathan@famhess.net
telephone: +41797552661
betrag: CHF 250.–
infotext: Halbtägiges Treffen in der Schweiz mit den Machern von «Christ in You». Erhalte Einblick in die Geschichte des Films. (Gültig für eine Person.)
_receive_copy: 1
_id: donation-form-2

[2015-09-27T21:54:08+00:00] ::1 Mozilla/5.0 (Macintosh; Intel Mac OS X 10_10_5) AppleWebKit/537.36 (KHTML, like Gecko) Chrome/45.0.2454.101 Safari/537.36
name: Jonathan Hess
street: Hubelmattstrasse 50
zip: 3007
place: Bern
_from: jonathan@famhess.net
telephone: +41797552661
betrag: CHF 250.–
infotext: Halbtägiges Treffen in der Schweiz mit den Machern von «Christ in You». Erhalte Einblick in die Geschichte des Films. (Gültig für eine Person.)
_receive_copy: 1
_id: donation-form-2

[2015-09-27T22:00:10+00:00] ::1 Mozilla/5.0 (Macintosh; Intel Mac OS X 10_10_5) AppleWebKit/537.36 (KHTML, like Gecko) Chrome/45.0.2454.101 Safari/537.36
name: Jonathan Hess
street: Hubelmattstrasse 50
zip: 3007
place: Bern
_from: jonathan@famhess.net
telephone: +41797552661
betrag: CHF 250.–
infotext: Halbtägiges Treffen in der Schweiz mit den Machern von «Christ in You». Erhalte Einblick in die Geschichte des Films. (Gültig für eine Person.)
_receive_copy: 1
_id: donation-form-2

[2015-09-27T22:02:09+00:00] ::1 Mozilla/5.0 (Macintosh; Intel Mac OS X 10_10_5) AppleWebKit/537.36 (KHTML, like Gecko) Chrome/45.0.2454.101 Safari/537.36
name: Jonathan Hess
street: Hubelmattstrasse 50
zip: 3007
place: Bern
_from: jonathan@famhess.net
telephone: +41797552661
betrag: CHF 250.–
infotext: Halbtägiges Treffen in der Schweiz mit den Machern von «Christ in You». Erhalte Einblick in die Geschichte des Films. (Gültig für eine Person.)
_receive_copy: 1
_id: donation-form-2

[2015-09-27T22:04:18+00:00] ::1 Mozilla/5.0 (Macintosh; Intel Mac OS X 10_10_5) AppleWebKit/537.36 (KHTML, like Gecko) Chrome/45.0.2454.101 Safari/537.36
name: Jonathan Hess
street: Hubelmattstrasse 50
zip: 3007
place: Bern
_from: jonathan@famhess.net
telephone: +41797552661
betrag: CHF 250.–
infotext: Halbtägiges Treffen in der Schweiz mit den Machern von «Christ in You». Erhalte Einblick in die Geschichte des Films. (Gültig für eine Person.)
_receive_copy: 1
_id: donation-form-2

[2015-09-27T22:16:09+00:00] ::1 Mozilla/5.0 (Macintosh; Intel Mac OS X 10_10_5) AppleWebKit/537.36 (KHTML, like Gecko) Chrome/45.0.2454.101 Safari/537.36
name: Jonathan Hess
street: Hubelmattstrasse 50
zip: 3007
city: Bern
_from: jonathan@famhess.net
telephone: +41797552661
betrag: CHF 3500.–
infotext: Du wirst zu einem halbtägigen Treffen mit den Machern des Films für 2 Personen in der Schweiz eingeladen. Erhalte Einblick in die Geschichte von «Christ in You» sowie 4 Eintrittskarten für eine der Filmpremieren (Schweiz) und 4 DVDs. Zusätzlich wirst du als Sponsor im Abspann des Films aufgeführt.
_receive_copy: 1
_id: donation-form-5

[2015-09-27T22:19:08+00:00] 92.107.24.249 Mozilla/5.0 (iPhone; CPU iPhone OS 9_0_1 like Mac OS X) AppleWebKit/601.1.46 (KHTML, like Gecko) Version/9.0 Mobile/13A404 Safari/601.1
name: Jonathan Hess
street: Eichholzstrasse 99
zip: 3084
city: Wabern
_from: jonathan@famhess.net
telephone: 41797552661
betrag: CHF 45.–
infotext: Eine DVD vor Veröffentlichung.
_receive_copy: 1
_id: donation-form-1

[2015-09-28T11:57:04+00:00] ::1 Mozilla/5.0 (Macintosh; Intel Mac OS X 10_10_5) AppleWebKit/600.8.9 (KHTML, like Gecko) Version/8.0.8 Safari/600.8.9
name: Jonathan Hess
street: Eichholzstrasse 99
zip: 3084
city: Wabern
_from: jonathan@famhess.net
telephone: 
betrag: CHF 120.–
infotext: Zwei Eintrittskarten zur Filmpremiere sowie eine DVD vor Veröffentlichung.
_receive_copy: 1
_id: donation-form-2

[2015-09-28T13:53:35+00:00] ::1 Mozilla/5.0 (Macintosh; Intel Mac OS X 10.10; rv:40.0) Gecko/20100101 Firefox/40.0
name: Jonathan Hess
street: Eichholzstrasse 99
zip: 3084
city: Bern
_from: jonathan@famhess.net
telephone: 
betrag: CHF 120.–
infotext: Zwei Eintrittskarten zur Filmpremiere sowie eine DVD vor Veröffentlichung.
_receive_copy: 1
_id: donation-form-2

[2015-09-28T13:54:53+00:00] ::1 Mozilla/5.0 (Macintosh; Intel Mac OS X 10.10; rv:40.0) Gecko/20100101 Firefox/40.0
name: Jonathan Hess
street: Eichholzstrasse 99
zip: 3084
city: Bern
_from: jonathan@famhess.net
telephone: 
betrag: CHF 120.–
infotext: Zwei Eintrittskarten zur Filmpremiere sowie eine DVD vor Veröffentlichung.
_receive_copy: 1
_id: donation-form-2

[2015-10-12T08:25:41+00:00] ::1 Mozilla/5.0 (Macintosh; Intel Mac OS X 10_11) AppleWebKit/601.1.56 (KHTML, like Gecko) Version/9.0 Safari/601.1.56
name: Jonathan Hess
street: Eichholzstrasse 99
zip: 3084
city: Wabern
_from: jonathan@famhess.net
telephone: 41797552661
betrag: 45
infotext: Eine DVD des Films vor Veröffentlichung + eine DVD mit den Trainings-Sessions
_receive_copy: 1
_id: donation-form-1

[2015-10-14T19:44:22+00:00] ::1 Mozilla/5.0 (Macintosh; Intel Mac OS X 10_11_0) AppleWebKit/537.36 (KHTML, like Gecko) Chrome/46.0.2490.71 Safari/537.36
name: Jonathan Hess
street: Hubelmattstrasse 50
zip: 3007
city: Bern
_from: jonathan@famhess.net
telephone: +41797552661
betrag: 
infotext: Spende einen beliebigen Betrag ohne Gegenleistung
_receive_copy: 1
_id: donation-form-7

[2015-10-15T08:48:37+00:00] ::1 Mozilla/5.0 (Macintosh; Intel Mac OS X 10_11_0) AppleWebKit/537.36 (KHTML, like Gecko) Chrome/46.0.2490.71 Safari/537.36
name: Jonathan Hess
street: Hubelmattstrasse 50
zip: 3007
city: Bern
_from: jonathan@famhess.net
telephone: +41797552661
betrag: 45
infotext: Eine DVD des Films vor Veröffentlichung + eine DVD mit den Trainings-Sessions
_receive_copy: 1
_id: donation-form-1

[2015-10-15T08:58:24+00:00] ::1 Mozilla/5.0 (Macintosh; Intel Mac OS X 10_11_0) AppleWebKit/537.36 (KHTML, like Gecko) Chrome/46.0.2490.71 Safari/537.36
name: Jonathan Hess
street: Hubelmattstrasse 50
zip: 3007
city: Bern
_from: jonathan@famhess.net
telephone: +41797552661
betrag: 2500
infotext: Vorpremiere in deiner Gemeinde unter Anwesenheit der Macher von «Christ in You» (Gültig in CH, DE, AU, andere Länder auf Anfrage)
_receive_copy: 1
_id: donation-form-6

[2015-10-15T13:30:33+00:00] ::1 Mozilla/5.0 (Macintosh; Intel Mac OS X 10_11_0) AppleWebKit/537.36 (KHTML, like Gecko) Chrome/46.0.2490.71 Safari/537.36
name: Jonathan Hess
street: Hubelmattstrasse 50
zip: 3007
city: Bern
_from: jonathan@famhess.net
telephone: +41797552661
betrag: 120
infotext: Zwei Eintrittskarten zur Filmpremiere + eine DVD des Films vor Veröffentlichung + eine DVD mit den Trainings-Sessions
_receive_copy: 1
_id: donation-form-2

[2015-10-15T13:31:43+00:00] ::1 Mozilla/5.0 (Macintosh; Intel Mac OS X 10_11_0) AppleWebKit/537.36 (KHTML, like Gecko) Chrome/46.0.2490.71 Safari/537.36
name: Jonathan Hess
street: Hubelmattstrasse 50
zip: 3007
city: Bern
_from: jonathan@famhess.net
telephone: +41797552661
betrag: 20
infotext: Einmaliges Streamen des Films vor Veröffentlichung
_receive_copy: 1
_id: donation-form-0

[2015-10-15T13:33:19+00:00] ::1 Mozilla/5.0 (Macintosh; Intel Mac OS X 10_11_0) AppleWebKit/537.36 (KHTML, like Gecko) Chrome/46.0.2490.71 Safari/537.36
name: Jonathan Hess
street: Hubelmattstrasse 50
zip: 3007
city: Bern
_from: jonathan@famhess.net
telephone: +41797552661
betrag: 120
infotext: Zwei Eintrittskarten zur Filmpremiere + eine DVD des Films vor Veröffentlichung + eine DVD mit den Trainings-Sessions
_receive_copy: 1
_id: donation-form-2

[2015-10-15T13:38:39+00:00] ::1 Mozilla/5.0 (Macintosh; Intel Mac OS X 10_11_0) AppleWebKit/537.36 (KHTML, like Gecko) Chrome/46.0.2490.71 Safari/537.36
name: Jonathan Hess
street: Hubelmattstrasse 50
zip: 3007
city: Bern
_from: jonathan@famhess.net
telephone: +41797552661
betrag: 120
infotext: Zwei Eintrittskarten zur Filmpremiere + eine DVD des Films vor Veröffentlichung + eine DVD mit den Trainings-Sessions
_receive_copy: 1
_id: donation-form-2

[2015-10-15T13:39:38+00:00] ::1 Mozilla/5.0 (Macintosh; Intel Mac OS X 10_11_0) AppleWebKit/537.36 (KHTML, like Gecko) Chrome/46.0.2490.71 Safari/537.36
name: Jonathan Hess
street: Hubelmattstrasse 50
zip: 3007
city: Bern
_from: jonathan@famhess.net
telephone: +41797552661
betrag: 120
infotext: Zwei Eintrittskarten zur Filmpremiere + eine DVD des Films vor Veröffentlichung + eine DVD mit den Trainings-Sessions
_receive_copy: 1
_id: donation-form-2

